The system is: Darwin - 19.6.0 - x86_64
Compiling the C compiler identification source file "CMakeCCompilerId.c" succeeded.
Compiler: /usr/bin/clang 
Build flags: 
Id flags:  

The output was:
0


Compilation of the C compiler identification source "CMakeCCompilerId.c" produced "a.out"

The C compiler identification is AppleClang, found in "/Users/archiejames/Desktop/cross_platform_test/build/CMakeFiles/3.19.7/CompilerIdC/a.out"

Compiling the CXX compiler identification source file "CMakeCXXCompilerId.cpp" succeeded.
Compiler: /usr/bin/clang++ 
Build flags: 
Id flags:  

The output was:
0


Compilation of the CXX compiler identification source "CMakeCXXCompilerId.cpp" produced "a.out"

The CXX compiler identification is AppleClang, found in "/Users/archiejames/Desktop/cross_platform_test/build/CMakeFiles/3.19.7/CompilerIdCXX/a.out"

Detecting C compiler ABI info compiled with the following output:
Change Dir: /Users/archiejames/Desktop/cross_platform_test/build/CMakeFiles/CMakeTmp

Run Build Command(s):/usr/bin/make cmTC_791d6/fast && /Library/Developer/CommandLineTools/usr/bin/make  -f CMakeFiles/cmTC_791d6.dir/build.make CMakeFiles/cmTC_791d6.dir/build
Building C object CMakeFiles/cmTC_791d6.dir/CMakeCCompilerABI.c.o
/usr/bin/clang   -isysroot /Library/Developer/CommandLineTools/SDKs/MacOSX11.1.sdk -mmacosx-version-min=10.15   -v -Wl,-v -o CMakeFiles/cmTC_791d6.dir/CMakeCCompilerABI.c.o -c /Applications/CMake.app/Contents/share/cmake-3.19/Modules/CMakeCCompilerABI.c
Apple clang version 12.0.0 (clang-1200.0.32.29)
Target: x86_64-apple-darwin19.6.0
Thread model: posix
InstalledDir: /Library/Developer/CommandLineTools/usr/bin
clang: warning: -Wl,-v: 'linker' input unused [-Wunused-command-line-argument]
 "/Library/Developer/CommandLineTools/usr/bin/clang" -cc1 -triple x86_64-apple-macosx10.15.0 -Wdeprecated-objc-isa-usage -Werror=deprecated-objc-isa-usage -Werror=implicit-function-declaration -emit-obj -mrelax-all -disable-free -disable-llvm-verifier -discard-value-names -main-file-name CMakeCCompilerABI.c -mrelocation-model pic -pic-level 2 -mthread-model posix -mframe-pointer=all -fno-strict-return -masm-verbose -munwind-tables -target-sdk-version=11.1 -target-cpu penryn -dwarf-column-info -debugger-tuning=lldb -target-linker-version 609.8 -v -resource-dir /Library/Developer/CommandLineTools/usr/lib/clang/12.0.0 -isysroot /Library/Developer/CommandLineTools/SDKs/MacOSX11.1.sdk -internal-isystem /Library/Developer/CommandLineTools/SDKs/MacOSX11.1.sdk/usr/local/include -internal-isystem /Library/Developer/CommandLineTools/usr/lib/clang/12.0.0/include -internal-externc-isystem /Library/Developer/CommandLineTools/SDKs/MacOSX11.1.sdk/usr/include -internal-externc-isystem /Library/Developer/CommandLineTools/usr/include -Wno-reorder-init-list -Wno-implicit-int-float-conversion -Wno-c99-designator -Wno-final-dtor-non-final-class -Wno-extra-semi-stmt -Wno-misleading-indentation -Wno-quoted-include-in-framework-header -Wno-implicit-fallthrough -Wno-enum-enum-conversion -Wno-enum-float-conversion -fdebug-compilation-dir /Users/archiejames/Desktop/cross_platform_test/build/CMakeFiles/CMakeTmp -ferror-limit 19 -fmessage-length 0 -stack-protector 1 -fstack-check -mdarwin-stkchk-strong-link -fblocks -fencode-extended-block-signature -fregister-global-dtors-with-atexit -fgnuc-version=4.2.1 -fobjc-runtime=macosx-10.15.0 -fmax-type-align=16 -fdiagnostics-show-option -o CMakeFiles/cmTC_791d6.dir/CMakeCCompilerABI.c.o -x c /Applications/CMake.app/Contents/share/cmake-3.19/Modules/CMakeCCompilerABI.c
clang -cc1 version 12.0.0 (clang-1200.0.32.29) default target x86_64-apple-darwin19.6.0
ignoring nonexistent directory "/Library/Developer/CommandLineTools/SDKs/MacOSX11.1.sdk/usr/local/include"
ignoring nonexistent directory "/Library/Developer/CommandLineTools/SDKs/MacOSX11.1.sdk/Library/Frameworks"
#include "..." search starts here:
#include <...> search starts here:
 /Library/Developer/CommandLineTools/usr/lib/clang/12.0.0/include
 /Library/Developer/CommandLineTools/SDKs/MacOSX11.1.sdk/usr/include
 /Library/Developer/CommandLineTools/usr/include
 /Library/Developer/CommandLineTools/SDKs/MacOSX11.1.sdk/System/Library/Frameworks (framework directory)
End of search list.
Linking C executable cmTC_791d6
/Applications/CMake.app/Contents/bin/cmake -E cmake_link_script CMakeFiles/cmTC_791d6.dir/link.txt --verbose=1
/usr/bin/clang  -isysroot /Library/Developer/CommandLineTools/SDKs/MacOSX11.1.sdk -mmacosx-version-min=10.15 -Wl,-search_paths_first -Wl,-headerpad_max_install_names  -v -Wl,-v CMakeFiles/cmTC_791d6.dir/CMakeCCompilerABI.c.o -o cmTC_791d6 
Apple clang version 12.0.0 (clang-1200.0.32.29)
Target: x86_64-apple-darwin19.6.0
Thread model: posix
InstalledDir: /Library/Developer/CommandLineTools/usr/bin
 "/Library/Developer/CommandLineTools/usr/bin/ld" -demangle -lto_library /Library/Developer/CommandLineTools/usr/lib/libLTO.dylib -dynamic -arch x86_64 -platform_version macos 10.15.0 11.1 -syslibroot /Library/Developer/CommandLineTools/SDKs/MacOSX11.1.sdk -o cmTC_791d6 -search_paths_first -headerpad_max_install_names -v CMakeFiles/cmTC_791d6.dir/CMakeCCompilerABI.c.o -lSystem /Library/Developer/CommandLineTools/usr/lib/clang/12.0.0/lib/darwin/libclang_rt.osx.a
@(#)PROGRAM:ld  PROJECT:ld64-609.8
BUILD 15:07:46 Dec 18 2020
configured to support archs: armv6 armv7 armv7s arm64 arm64e arm64_32 i386 x86_64 x86_64h armv6m armv7k armv7m armv7em
Library search paths:
	/Library/Developer/CommandLineTools/SDKs/MacOSX11.1.sdk/usr/lib
Framework search paths:
	/Library/Developer/CommandLineTools/SDKs/MacOSX11.1.sdk/System/Library/Frameworks/



Parsed C implicit include dir info from above output: rv=done
  found start of include info
  found start of implicit include info
    add: [/Library/Developer/CommandLineTools/usr/lib/clang/12.0.0/include]
    add: [/Library/Developer/CommandLineTools/SDKs/MacOSX11.1.sdk/usr/include]
    add: [/Library/Developer/CommandLineTools/usr/include]
  end of search list found
  collapse include dir [/Library/Developer/CommandLineTools/usr/lib/clang/12.0.0/include] ==> [/Library/Developer/CommandLineTools/usr/lib/clang/12.0.0/include]
  collapse include dir [/Library/Developer/CommandLineTools/SDKs/MacOSX11.1.sdk/usr/include] ==> [/Library/Developer/CommandLineTools/SDKs/MacOSX11.1.sdk/usr/include]
  collapse include dir [/Library/Developer/CommandLineTools/usr/include] ==> [/Library/Developer/CommandLineTools/usr/include]
  implicit include dirs: [/Library/Developer/CommandLineTools/usr/lib/clang/12.0.0/include;/Library/Developer/CommandLineTools/SDKs/MacOSX11.1.sdk/usr/include;/Library/Developer/CommandLineTools/usr/include]


Parsed C implicit link information from above output:
  link line regex: [^( *|.*[/\])(ld|CMAKE_LINK_STARTFILE-NOTFOUND|([^/\]+-)?ld|collect2)[^/\]*( |$)]
  ignore line: [Change Dir: /Users/archiejames/Desktop/cross_platform_test/build/CMakeFiles/CMakeTmp]
  ignore line: []
  ignore line: [Run Build Command(s):/usr/bin/make cmTC_791d6/fast && /Library/Developer/CommandLineTools/usr/bin/make  -f CMakeFiles/cmTC_791d6.dir/build.make CMakeFiles/cmTC_791d6.dir/build]
  ignore line: [Building C object CMakeFiles/cmTC_791d6.dir/CMakeCCompilerABI.c.o]
  ignore line: [/usr/bin/clang   -isysroot /Library/Developer/CommandLineTools/SDKs/MacOSX11.1.sdk -mmacosx-version-min=10.15   -v -Wl -v -o CMakeFiles/cmTC_791d6.dir/CMakeCCompilerABI.c.o -c /Applications/CMake.app/Contents/share/cmake-3.19/Modules/CMakeCCompilerABI.c]
  ignore line: [Apple clang version 12.0.0 (clang-1200.0.32.29)]
  ignore line: [Target: x86_64-apple-darwin19.6.0]
  ignore line: [Thread model: posix]
  ignore line: [InstalledDir: /Library/Developer/CommandLineTools/usr/bin]
  ignore line: [clang: warning: -Wl -v: 'linker' input unused [-Wunused-command-line-argument]]
  ignore line: [ "/Library/Developer/CommandLineTools/usr/bin/clang" -cc1 -triple x86_64-apple-macosx10.15.0 -Wdeprecated-objc-isa-usage -Werror=deprecated-objc-isa-usage -Werror=implicit-function-declaration -emit-obj -mrelax-all -disable-free -disable-llvm-verifier -discard-value-names -main-file-name CMakeCCompilerABI.c -mrelocation-model pic -pic-level 2 -mthread-model posix -mframe-pointer=all -fno-strict-return -masm-verbose -munwind-tables -target-sdk-version=11.1 -target-cpu penryn -dwarf-column-info -debugger-tuning=lldb -target-linker-version 609.8 -v -resource-dir /Library/Developer/CommandLineTools/usr/lib/clang/12.0.0 -isysroot /Library/Developer/CommandLineTools/SDKs/MacOSX11.1.sdk -internal-isystem /Library/Developer/CommandLineTools/SDKs/MacOSX11.1.sdk/usr/local/include -internal-isystem /Library/Developer/CommandLineTools/usr/lib/clang/12.0.0/include -internal-externc-isystem /Library/Developer/CommandLineTools/SDKs/MacOSX11.1.sdk/usr/include -internal-externc-isystem /Library/Developer/CommandLineTools/usr/include -Wno-reorder-init-list -Wno-implicit-int-float-conversion -Wno-c99-designator -Wno-final-dtor-non-final-class -Wno-extra-semi-stmt -Wno-misleading-indentation -Wno-quoted-include-in-framework-header -Wno-implicit-fallthrough -Wno-enum-enum-conversion -Wno-enum-float-conversion -fdebug-compilation-dir /Users/archiejames/Desktop/cross_platform_test/build/CMakeFiles/CMakeTmp -ferror-limit 19 -fmessage-length 0 -stack-protector 1 -fstack-check -mdarwin-stkchk-strong-link -fblocks -fencode-extended-block-signature -fregister-global-dtors-with-atexit -fgnuc-version=4.2.1 -fobjc-runtime=macosx-10.15.0 -fmax-type-align=16 -fdiagnostics-show-option -o CMakeFiles/cmTC_791d6.dir/CMakeCCompilerABI.c.o -x c /Applications/CMake.app/Contents/share/cmake-3.19/Modules/CMakeCCompilerABI.c]
  ignore line: [clang -cc1 version 12.0.0 (clang-1200.0.32.29) default target x86_64-apple-darwin19.6.0]
  ignore line: [ignoring nonexistent directory "/Library/Developer/CommandLineTools/SDKs/MacOSX11.1.sdk/usr/local/include"]
  ignore line: [ignoring nonexistent directory "/Library/Developer/CommandLineTools/SDKs/MacOSX11.1.sdk/Library/Frameworks"]
  ignore line: [#include "..." search starts here:]
  ignore line: [#include <...> search starts here:]
  ignore line: [ /Library/Developer/CommandLineTools/usr/lib/clang/12.0.0/include]
  ignore line: [ /Library/Developer/CommandLineTools/SDKs/MacOSX11.1.sdk/usr/include]
  ignore line: [ /Library/Developer/CommandLineTools/usr/include]
  ignore line: [ /Library/Developer/CommandLineTools/SDKs/MacOSX11.1.sdk/System/Library/Frameworks (framework directory)]
  ignore line: [End of search list.]
  ignore line: [Linking C executable cmTC_791d6]
  ignore line: [/Applications/CMake.app/Contents/bin/cmake -E cmake_link_script CMakeFiles/cmTC_791d6.dir/link.txt --verbose=1]
  ignore line: [/usr/bin/clang  -isysroot /Library/Developer/CommandLineTools/SDKs/MacOSX11.1.sdk -mmacosx-version-min=10.15 -Wl -search_paths_first -Wl -headerpad_max_install_names  -v -Wl -v CMakeFiles/cmTC_791d6.dir/CMakeCCompilerABI.c.o -o cmTC_791d6 ]
  ignore line: [Apple clang version 12.0.0 (clang-1200.0.32.29)]
  ignore line: [Target: x86_64-apple-darwin19.6.0]
  ignore line: [Thread model: posix]
  ignore line: [InstalledDir: /Library/Developer/CommandLineTools/usr/bin]
  link line: [ "/Library/Developer/CommandLineTools/usr/bin/ld" -demangle -lto_library /Library/Developer/CommandLineTools/usr/lib/libLTO.dylib -dynamic -arch x86_64 -platform_version macos 10.15.0 11.1 -syslibroot /Library/Developer/CommandLineTools/SDKs/MacOSX11.1.sdk -o cmTC_791d6 -search_paths_first -headerpad_max_install_names -v CMakeFiles/cmTC_791d6.dir/CMakeCCompilerABI.c.o -lSystem /Library/Developer/CommandLineTools/usr/lib/clang/12.0.0/lib/darwin/libclang_rt.osx.a]
    arg [/Library/Developer/CommandLineTools/usr/bin/ld] ==> ignore
    arg [-demangle] ==> ignore
    arg [-lto_library] ==> ignore, skip following value
    arg [/Library/Developer/CommandLineTools/usr/lib/libLTO.dylib] ==> skip value of -lto_library
    arg [-dynamic] ==> ignore
    arg [-arch] ==> ignore
    arg [x86_64] ==> ignore
    arg [-platform_version] ==> ignore
    arg [macos] ==> ignore
    arg [10.15.0] ==> ignore
    arg [11.1] ==> ignore
    arg [-syslibroot] ==> ignore
    arg [/Library/Developer/CommandLineTools/SDKs/MacOSX11.1.sdk] ==> ignore
    arg [-o] ==> ignore
    arg [cmTC_791d6] ==> ignore
    arg [-search_paths_first] ==> ignore
    arg [-headerpad_max_install_names] ==> ignore
    arg [-v] ==> ignore
    arg [CMakeFiles/cmTC_791d6.dir/CMakeCCompilerABI.c.o] ==> ignore
    arg [-lSystem] ==> lib [System]
    arg [/Library/Developer/CommandLineTools/usr/lib/clang/12.0.0/lib/darwin/libclang_rt.osx.a] ==> lib [/Library/Developer/CommandLineTools/usr/lib/clang/12.0.0/lib/darwin/libclang_rt.osx.a]
  Library search paths: [;/Library/Developer/CommandLineTools/SDKs/MacOSX11.1.sdk/usr/lib]
  Framework search paths: [;/Library/Developer/CommandLineTools/SDKs/MacOSX11.1.sdk/System/Library/Frameworks/]
  remove lib [System]
  remove lib [/Library/Developer/CommandLineTools/usr/lib/clang/12.0.0/lib/darwin/libclang_rt.osx.a]
  collapse library dir [/Library/Developer/CommandLineTools/SDKs/MacOSX11.1.sdk/usr/lib] ==> [/Library/Developer/CommandLineTools/SDKs/MacOSX11.1.sdk/usr/lib]
  collapse framework dir [/Library/Developer/CommandLineTools/SDKs/MacOSX11.1.sdk/System/Library/Frameworks/] ==> [/Library/Developer/CommandLineTools/SDKs/MacOSX11.1.sdk/System/Library/Frameworks]
  implicit libs: []
  implicit dirs: [/Library/Developer/CommandLineTools/SDKs/MacOSX11.1.sdk/usr/lib]
  implicit fwks: [/Library/Developer/CommandLineTools/SDKs/MacOSX11.1.sdk/System/Library/Frameworks]


Detecting CXX compiler ABI info compiled with the following output:
Change Dir: /Users/archiejames/Desktop/cross_platform_test/build/CMakeFiles/CMakeTmp

Run Build Command(s):/usr/bin/make cmTC_71769/fast && /Library/Developer/CommandLineTools/usr/bin/make  -f CMakeFiles/cmTC_71769.dir/build.make CMakeFiles/cmTC_71769.dir/build
Building CXX object CMakeFiles/cmTC_71769.dir/CMakeCXXCompilerABI.cpp.o
/usr/bin/clang++   -isysroot /Library/Developer/CommandLineTools/SDKs/MacOSX11.1.sdk -mmacosx-version-min=10.15   -v -Wl,-v -o CMakeFiles/cmTC_71769.dir/CMakeCXXCompilerABI.cpp.o -c /Applications/CMake.app/Contents/share/cmake-3.19/Modules/CMakeCXXCompilerABI.cpp
Apple clang version 12.0.0 (clang-1200.0.32.29)
Target: x86_64-apple-darwin19.6.0
Thread model: posix
InstalledDir: /Library/Developer/CommandLineTools/usr/bin
clang: warning: -Wl,-v: 'linker' input unused [-Wunused-command-line-argument]
ignoring nonexistent directory "/Library/Developer/CommandLineTools/SDKs/MacOSX11.1.sdk/usr/include/c++/v1"
 "/Library/Developer/CommandLineTools/usr/bin/clang" -cc1 -triple x86_64-apple-macosx10.15.0 -Wdeprecated-objc-isa-usage -Werror=deprecated-objc-isa-usage -Werror=implicit-function-declaration -emit-obj -mrelax-all -disable-free -disable-llvm-verifier -discard-value-names -main-file-name CMakeCXXCompilerABI.cpp -mrelocation-model pic -pic-level 2 -mthread-model posix -mframe-pointer=all -fno-strict-return -masm-verbose -munwind-tables -target-sdk-version=11.1 -target-cpu penryn -dwarf-column-info -debugger-tuning=lldb -target-linker-version 609.8 -v -resource-dir /Library/Developer/CommandLineTools/usr/lib/clang/12.0.0 -isysroot /Library/Developer/CommandLineTools/SDKs/MacOSX11.1.sdk -stdlib=libc++ -internal-isystem /Library/Developer/CommandLineTools/usr/bin/../include/c++/v1 -internal-isystem /Library/Developer/CommandLineTools/SDKs/MacOSX11.1.sdk/usr/local/include -internal-isystem /Library/Developer/CommandLineTools/usr/lib/clang/12.0.0/include -internal-externc-isystem /Library/Developer/CommandLineTools/SDKs/MacOSX11.1.sdk/usr/include -internal-externc-isystem /Library/Developer/CommandLineTools/usr/include -Wno-reorder-init-list -Wno-implicit-int-float-conversion -Wno-c99-designator -Wno-final-dtor-non-final-class -Wno-extra-semi-stmt -Wno-misleading-indentation -Wno-quoted-include-in-framework-header -Wno-implicit-fallthrough -Wno-enum-enum-conversion -Wno-enum-float-conversion -fdeprecated-macro -fdebug-compilation-dir /Users/archiejames/Desktop/cross_platform_test/build/CMakeFiles/CMakeTmp -ferror-limit 19 -fmessage-length 0 -stack-protector 1 -fstack-check -mdarwin-stkchk-strong-link -fblocks -fencode-extended-block-signature -fregister-global-dtors-with-atexit -fgnuc-version=4.2.1 -fobjc-runtime=macosx-10.15.0 -fcxx-exceptions -fexceptions -fmax-type-align=16 -fdiagnostics-show-option -o CMakeFiles/cmTC_71769.dir/CMakeCXXCompilerABI.cpp.o -x c++ /Applications/CMake.app/Contents/share/cmake-3.19/Modules/CMakeCXXCompilerABI.cpp
clang -cc1 version 12.0.0 (clang-1200.0.32.29) default target x86_64-apple-darwin19.6.0
ignoring nonexistent directory "/Library/Developer/CommandLineTools/SDKs/MacOSX11.1.sdk/usr/local/include"
ignoring nonexistent directory "/Library/Developer/CommandLineTools/SDKs/MacOSX11.1.sdk/Library/Frameworks"
#include "..." search starts here:
#include <...> search starts here:
 /Library/Developer/CommandLineTools/usr/bin/../include/c++/v1
 /Library/Developer/CommandLineTools/usr/lib/clang/12.0.0/include
 /Library/Developer/CommandLineTools/SDKs/MacOSX11.1.sdk/usr/include
 /Library/Developer/CommandLineTools/usr/include
 /Library/Developer/CommandLineTools/SDKs/MacOSX11.1.sdk/System/Library/Frameworks (framework directory)
End of search list.
Linking CXX executable cmTC_71769
/Applications/CMake.app/Contents/bin/cmake -E cmake_link_script CMakeFiles/cmTC_71769.dir/link.txt --verbose=1
/usr/bin/clang++  -isysroot /Library/Developer/CommandLineTools/SDKs/MacOSX11.1.sdk -mmacosx-version-min=10.15 -Wl,-search_paths_first -Wl,-headerpad_max_install_names  -v -Wl,-v CMakeFiles/cmTC_71769.dir/CMakeCXXCompilerABI.cpp.o -o cmTC_71769 
Apple clang version 12.0.0 (clang-1200.0.32.29)
Target: x86_64-apple-darwin19.6.0
Thread model: posix
InstalledDir: /Library/Developer/CommandLineTools/usr/bin
 "/Library/Developer/CommandLineTools/usr/bin/ld" -demangle -lto_library /Library/Developer/CommandLineTools/usr/lib/libLTO.dylib -dynamic -arch x86_64 -platform_version macos 10.15.0 11.1 -syslibroot /Library/Developer/CommandLineTools/SDKs/MacOSX11.1.sdk -o cmTC_71769 -search_paths_first -headerpad_max_install_names -v CMakeFiles/cmTC_71769.dir/CMakeCXXCompilerABI.cpp.o -lc++ -lSystem /Library/Developer/CommandLineTools/usr/lib/clang/12.0.0/lib/darwin/libclang_rt.osx.a
@(#)PROGRAM:ld  PROJECT:ld64-609.8
BUILD 15:07:46 Dec 18 2020
configured to support archs: armv6 armv7 armv7s arm64 arm64e arm64_32 i386 x86_64 x86_64h armv6m armv7k armv7m armv7em
Library search paths:
	/Library/Developer/CommandLineTools/SDKs/MacOSX11.1.sdk/usr/lib
Framework search paths:
	/Library/Developer/CommandLineTools/SDKs/MacOSX11.1.sdk/System/Library/Frameworks/



Parsed CXX implicit include dir info from above output: rv=done
  found start of include info
  found start of implicit include info
    add: [/Library/Developer/CommandLineTools/usr/bin/../include/c++/v1]
    add: [/Library/Developer/CommandLineTools/usr/lib/clang/12.0.0/include]
    add: [/Library/Developer/CommandLineTools/SDKs/MacOSX11.1.sdk/usr/include]
    add: [/Library/Developer/CommandLineTools/usr/include]
  end of search list found
  collapse include dir [/Library/Developer/CommandLineTools/usr/bin/../include/c++/v1] ==> [/Library/Developer/CommandLineTools/usr/include/c++/v1]
  collapse include dir [/Library/Developer/CommandLineTools/usr/lib/clang/12.0.0/include] ==> [/Library/Developer/CommandLineTools/usr/lib/clang/12.0.0/include]
  collapse include dir [/Library/Developer/CommandLineTools/SDKs/MacOSX11.1.sdk/usr/include] ==> [/Library/Developer/CommandLineTools/SDKs/MacOSX11.1.sdk/usr/include]
  collapse include dir [/Library/Developer/CommandLineTools/usr/include] ==> [/Library/Developer/CommandLineTools/usr/include]
  implicit include dirs: [/Library/Developer/CommandLineTools/usr/include/c++/v1;/Library/Developer/CommandLineTools/usr/lib/clang/12.0.0/include;/Library/Developer/CommandLineTools/SDKs/MacOSX11.1.sdk/usr/include;/Library/Developer/CommandLineTools/usr/include]


Parsed CXX implicit link information from above output:
  link line regex: [^( *|.*[/\])(ld|CMAKE_LINK_STARTFILE-NOTFOUND|([^/\]+-)?ld|collect2)[^/\]*( |$)]
  ignore line: [Change Dir: /Users/archiejames/Desktop/cross_platform_test/build/CMakeFiles/CMakeTmp]
  ignore line: []
  ignore line: [Run Build Command(s):/usr/bin/make cmTC_71769/fast && /Library/Developer/CommandLineTools/usr/bin/make  -f CMakeFiles/cmTC_71769.dir/build.make CMakeFiles/cmTC_71769.dir/build]
  ignore line: [Building CXX object CMakeFiles/cmTC_71769.dir/CMakeCXXCompilerABI.cpp.o]
  ignore line: [/usr/bin/clang++   -isysroot /Library/Developer/CommandLineTools/SDKs/MacOSX11.1.sdk -mmacosx-version-min=10.15   -v -Wl -v -o CMakeFiles/cmTC_71769.dir/CMakeCXXCompilerABI.cpp.o -c /Applications/CMake.app/Contents/share/cmake-3.19/Modules/CMakeCXXCompilerABI.cpp]
  ignore line: [Apple clang version 12.0.0 (clang-1200.0.32.29)]
  ignore line: [Target: x86_64-apple-darwin19.6.0]
  ignore line: [Thread model: posix]
  ignore line: [InstalledDir: /Library/Developer/CommandLineTools/usr/bin]
  ignore line: [clang: warning: -Wl -v: 'linker' input unused [-Wunused-command-line-argument]]
  ignore line: [ignoring nonexistent directory "/Library/Developer/CommandLineTools/SDKs/MacOSX11.1.sdk/usr/include/c++/v1"]
  ignore line: [ "/Library/Developer/CommandLineTools/usr/bin/clang" -cc1 -triple x86_64-apple-macosx10.15.0 -Wdeprecated-objc-isa-usage -Werror=deprecated-objc-isa-usage -Werror=implicit-function-declaration -emit-obj -mrelax-all -disable-free -disable-llvm-verifier -discard-value-names -main-file-name CMakeCXXCompilerABI.cpp -mrelocation-model pic -pic-level 2 -mthread-model posix -mframe-pointer=all -fno-strict-return -masm-verbose -munwind-tables -target-sdk-version=11.1 -target-cpu penryn -dwarf-column-info -debugger-tuning=lldb -target-linker-version 609.8 -v -resource-dir /Library/Developer/CommandLineTools/usr/lib/clang/12.0.0 -isysroot /Library/Developer/CommandLineTools/SDKs/MacOSX11.1.sdk -stdlib=libc++ -internal-isystem /Library/Developer/CommandLineTools/usr/bin/../include/c++/v1 -internal-isystem /Library/Developer/CommandLineTools/SDKs/MacOSX11.1.sdk/usr/local/include -internal-isystem /Library/Developer/CommandLineTools/usr/lib/clang/12.0.0/include -internal-externc-isystem /Library/Developer/CommandLineTools/SDKs/MacOSX11.1.sdk/usr/include -internal-externc-isystem /Library/Developer/CommandLineTools/usr/include -Wno-reorder-init-list -Wno-implicit-int-float-conversion -Wno-c99-designator -Wno-final-dtor-non-final-class -Wno-extra-semi-stmt -Wno-misleading-indentation -Wno-quoted-include-in-framework-header -Wno-implicit-fallthrough -Wno-enum-enum-conversion -Wno-enum-float-conversion -fdeprecated-macro -fdebug-compilation-dir /Users/archiejames/Desktop/cross_platform_test/build/CMakeFiles/CMakeTmp -ferror-limit 19 -fmessage-length 0 -stack-protector 1 -fstack-check -mdarwin-stkchk-strong-link -fblocks -fencode-extended-block-signature -fregister-global-dtors-with-atexit -fgnuc-version=4.2.1 -fobjc-runtime=macosx-10.15.0 -fcxx-exceptions -fexceptions -fmax-type-align=16 -fdiagnostics-show-option -o CMakeFiles/cmTC_71769.dir/CMakeCXXCompilerABI.cpp.o -x c++ /Applications/CMake.app/Contents/share/cmake-3.19/Modules/CMakeCXXCompilerABI.cpp]
  ignore line: [clang -cc1 version 12.0.0 (clang-1200.0.32.29) default target x86_64-apple-darwin19.6.0]
  ignore line: [ignoring nonexistent directory "/Library/Developer/CommandLineTools/SDKs/MacOSX11.1.sdk/usr/local/include"]
  ignore line: [ignoring nonexistent directory "/Library/Developer/CommandLineTools/SDKs/MacOSX11.1.sdk/Library/Frameworks"]
  ignore line: [#include "..." search starts here:]
  ignore line: [#include <...> search starts here:]
  ignore line: [ /Library/Developer/CommandLineTools/usr/bin/../include/c++/v1]
  ignore line: [ /Library/Developer/CommandLineTools/usr/lib/clang/12.0.0/include]
  ignore line: [ /Library/Developer/CommandLineTools/SDKs/MacOSX11.1.sdk/usr/include]
  ignore line: [ /Library/Developer/CommandLineTools/usr/include]
  ignore line: [ /Library/Developer/CommandLineTools/SDKs/MacOSX11.1.sdk/System/Library/Frameworks (framework directory)]
  ignore line: [End of search list.]
  ignore line: [Linking CXX executable cmTC_71769]
  ignore line: [/Applications/CMake.app/Contents/bin/cmake -E cmake_link_script CMakeFiles/cmTC_71769.dir/link.txt --verbose=1]
  ignore line: [/usr/bin/clang++  -isysroot /Library/Developer/CommandLineTools/SDKs/MacOSX11.1.sdk -mmacosx-version-min=10.15 -Wl -search_paths_first -Wl -headerpad_max_install_names  -v -Wl -v CMakeFiles/cmTC_71769.dir/CMakeCXXCompilerABI.cpp.o -o cmTC_71769 ]
  ignore line: [Apple clang version 12.0.0 (clang-1200.0.32.29)]
  ignore line: [Target: x86_64-apple-darwin19.6.0]
  ignore line: [Thread model: posix]
  ignore line: [InstalledDir: /Library/Developer/CommandLineTools/usr/bin]
  link line: [ "/Library/Developer/CommandLineTools/usr/bin/ld" -demangle -lto_library /Library/Developer/CommandLineTools/usr/lib/libLTO.dylib -dynamic -arch x86_64 -platform_version macos 10.15.0 11.1 -syslibroot /Library/Developer/CommandLineTools/SDKs/MacOSX11.1.sdk -o cmTC_71769 -search_paths_first -headerpad_max_install_names -v CMakeFiles/cmTC_71769.dir/CMakeCXXCompilerABI.cpp.o -lc++ -lSystem /Library/Developer/CommandLineTools/usr/lib/clang/12.0.0/lib/darwin/libclang_rt.osx.a]
    arg [/Library/Developer/CommandLineTools/usr/bin/ld] ==> ignore
    arg [-demangle] ==> ignore
    arg [-lto_library] ==> ignore, skip following value
    arg [/Library/Developer/CommandLineTools/usr/lib/libLTO.dylib] ==> skip value of -lto_library
    arg [-dynamic] ==> ignore
    arg [-arch] ==> ignore
    arg [x86_64] ==> ignore
    arg [-platform_version] ==> ignore
    arg [macos] ==> ignore
    arg [10.15.0] ==> ignore
    arg [11.1] ==> ignore
    arg [-syslibroot] ==> ignore
    arg [/Library/Developer/CommandLineTools/SDKs/MacOSX11.1.sdk] ==> ignore
    arg [-o] ==> ignore
    arg [cmTC_71769] ==> ignore
    arg [-search_paths_first] ==> ignore
    arg [-headerpad_max_install_names] ==> ignore
    arg [-v] ==> ignore
    arg [CMakeFiles/cmTC_71769.dir/CMakeCXXCompilerABI.cpp.o] ==> ignore
    arg [-lc++] ==> lib [c++]
    arg [-lSystem] ==> lib [System]
    arg [/Library/Developer/CommandLineTools/usr/lib/clang/12.0.0/lib/darwin/libclang_rt.osx.a] ==> lib [/Library/Developer/CommandLineTools/usr/lib/clang/12.0.0/lib/darwin/libclang_rt.osx.a]
  Library search paths: [;/Library/Developer/CommandLineTools/SDKs/MacOSX11.1.sdk/usr/lib]
  Framework search paths: [;/Library/Developer/CommandLineTools/SDKs/MacOSX11.1.sdk/System/Library/Frameworks/]
  remove lib [System]
  remove lib [/Library/Developer/CommandLineTools/usr/lib/clang/12.0.0/lib/darwin/libclang_rt.osx.a]
  collapse library dir [/Library/Developer/CommandLineTools/SDKs/MacOSX11.1.sdk/usr/lib] ==> [/Library/Developer/CommandLineTools/SDKs/MacOSX11.1.sdk/usr/lib]
  collapse framework dir [/Library/Developer/CommandLineTools/SDKs/MacOSX11.1.sdk/System/Library/Frameworks/] ==> [/Library/Developer/CommandLineTools/SDKs/MacOSX11.1.sdk/System/Library/Frameworks]
  implicit libs: [c++]
  implicit dirs: [/Library/Developer/CommandLineTools/SDKs/MacOSX11.1.sdk/usr/lib]
  implicit fwks: [/Library/Developer/CommandLineTools/SDKs/MacOSX11.1.sdk/System/Library/Frameworks]


Determining if the include file pthread.h exists passed with the following output:
Change Dir: /Users/archiejames/Desktop/cross_platform_test/build/CMakeFiles/CMakeTmp

Run Build Command(s):/usr/bin/make cmTC_44453/fast && /Library/Developer/CommandLineTools/usr/bin/make  -f CMakeFiles/cmTC_44453.dir/build.make CMakeFiles/cmTC_44453.dir/build
Building C object CMakeFiles/cmTC_44453.dir/CheckIncludeFile.c.o
/usr/bin/clang   -isysroot /Library/Developer/CommandLineTools/SDKs/MacOSX11.1.sdk -mmacosx-version-min=10.15 -o CMakeFiles/cmTC_44453.dir/CheckIncludeFile.c.o -c /Users/archiejames/Desktop/cross_platform_test/build/CMakeFiles/CMakeTmp/CheckIncludeFile.c
Linking C executable cmTC_44453
/Applications/CMake.app/Contents/bin/cmake -E cmake_link_script CMakeFiles/cmTC_44453.dir/link.txt --verbose=1
/usr/bin/clang  -isysroot /Library/Developer/CommandLineTools/SDKs/MacOSX11.1.sdk -mmacosx-version-min=10.15 -Wl,-search_paths_first -Wl,-headerpad_max_install_names CMakeFiles/cmTC_44453.dir/CheckIncludeFile.c.o -o cmTC_44453 



Performing C SOURCE FILE Test CMAKE_HAVE_LIBC_PTHREAD succeeded with the following output:
Change Dir: /Users/archiejames/Desktop/cross_platform_test/build/CMakeFiles/CMakeTmp

Run Build Command(s):/usr/bin/make cmTC_437eb/fast && /Library/Developer/CommandLineTools/usr/bin/make  -f CMakeFiles/cmTC_437eb.dir/build.make CMakeFiles/cmTC_437eb.dir/build
Building C object CMakeFiles/cmTC_437eb.dir/src.c.o
/usr/bin/clang -DCMAKE_HAVE_LIBC_PTHREAD  -isysroot /Library/Developer/CommandLineTools/SDKs/MacOSX11.1.sdk -mmacosx-version-min=10.15 -o CMakeFiles/cmTC_437eb.dir/src.c.o -c /Users/archiejames/Desktop/cross_platform_test/build/CMakeFiles/CMakeTmp/src.c
Linking C executable cmTC_437eb
/Applications/CMake.app/Contents/bin/cmake -E cmake_link_script CMakeFiles/cmTC_437eb.dir/link.txt --verbose=1
/usr/bin/clang  -isysroot /Library/Developer/CommandLineTools/SDKs/MacOSX11.1.sdk -mmacosx-version-min=10.15 -Wl,-search_paths_first -Wl,-headerpad_max_install_names CMakeFiles/cmTC_437eb.dir/src.c.o -o cmTC_437eb 


Source file was:
#include <pthread.h>

static void* test_func(void* data)
{
  return data;
}

int main(void)
{
  pthread_t thread;
  pthread_create(&thread, NULL, test_func, NULL);
  pthread_detach(thread);
  pthread_cancel(thread);
  pthread_join(thread, NULL);
  pthread_atfork(NULL, NULL, NULL);
  pthread_exit(NULL);

  return 0;
}

Determining if the posix_memalign exist passed with the following output:
Change Dir: /Users/archiejames/Desktop/cross_platform_test/build/CMakeFiles/CMakeTmp

Run Build Command(s):/usr/bin/make cmTC_f39cd/fast && /Library/Developer/CommandLineTools/usr/bin/make  -f CMakeFiles/cmTC_f39cd.dir/build.make CMakeFiles/cmTC_f39cd.dir/build
Building C object CMakeFiles/cmTC_f39cd.dir/CheckSymbolExists.c.o
/usr/bin/clang   -isysroot /Library/Developer/CommandLineTools/SDKs/MacOSX11.1.sdk -mmacosx-version-min=10.15 -o CMakeFiles/cmTC_f39cd.dir/CheckSymbolExists.c.o -c /Users/archiejames/Desktop/cross_platform_test/build/CMakeFiles/CMakeTmp/CheckSymbolExists.c
Linking C executable cmTC_f39cd
/Applications/CMake.app/Contents/bin/cmake -E cmake_link_script CMakeFiles/cmTC_f39cd.dir/link.txt --verbose=1
/usr/bin/clang  -isysroot /Library/Developer/CommandLineTools/SDKs/MacOSX11.1.sdk -mmacosx-version-min=10.15 -Wl,-search_paths_first -Wl,-headerpad_max_install_names CMakeFiles/cmTC_f39cd.dir/CheckSymbolExists.c.o -o cmTC_f39cd 


File /Users/archiejames/Desktop/cross_platform_test/build/CMakeFiles/CMakeTmp/CheckSymbolExists.c:
/* */
#include <stdlib.h>

int main(int argc, char** argv)
{
  (void)argv;
#ifndef posix_memalign
  return ((int*)(&posix_memalign))[argc];
#else
  (void)argc;
  return 0;
#endif
}
Performing C++ SOURCE FILE Test HAVE___RESTRICT succeeded with the following output:
Change Dir: /Users/archiejames/Desktop/cross_platform_test/build/CMakeFiles/CMakeTmp

Run Build Command(s):/usr/bin/make cmTC_0a112/fast && /Library/Developer/CommandLineTools/usr/bin/make  -f CMakeFiles/cmTC_0a112.dir/build.make CMakeFiles/cmTC_0a112.dir/build
Building CXX object CMakeFiles/cmTC_0a112.dir/src.cxx.o
/usr/bin/clang++ -DHAVE___RESTRICT  -isysroot /Library/Developer/CommandLineTools/SDKs/MacOSX11.1.sdk -mmacosx-version-min=10.15 -o CMakeFiles/cmTC_0a112.dir/src.cxx.o -c /Users/archiejames/Desktop/cross_platform_test/build/CMakeFiles/CMakeTmp/src.cxx
Linking CXX executable cmTC_0a112
/Applications/CMake.app/Contents/bin/cmake -E cmake_link_script CMakeFiles/cmTC_0a112.dir/link.txt --verbose=1
/usr/bin/clang++  -isysroot /Library/Developer/CommandLineTools/SDKs/MacOSX11.1.sdk -mmacosx-version-min=10.15 -Wl,-search_paths_first -Wl,-headerpad_max_install_names CMakeFiles/cmTC_0a112.dir/src.cxx.o -o cmTC_0a112 


Source file was:
int *__restrict foo;
int main() { return 0; }
Performing C SOURCE FILE Test HAVE_FNO_MATH_ERRNO succeeded with the following output:
Change Dir: /Users/archiejames/Desktop/cross_platform_test/build/CMakeFiles/CMakeTmp

Run Build Command(s):/usr/bin/make cmTC_efdd9/fast && /Library/Developer/CommandLineTools/usr/bin/make  -f CMakeFiles/cmTC_efdd9.dir/build.make CMakeFiles/cmTC_efdd9.dir/build
Building C object CMakeFiles/cmTC_efdd9.dir/src.c.o
/usr/bin/clang -DHAVE_FNO_MATH_ERRNO  -isysroot /Library/Developer/CommandLineTools/SDKs/MacOSX11.1.sdk -mmacosx-version-min=10.15   -fno-math-errno -o CMakeFiles/cmTC_efdd9.dir/src.c.o -c /Users/archiejames/Desktop/cross_platform_test/build/CMakeFiles/CMakeTmp/src.c
Linking C executable cmTC_efdd9
/Applications/CMake.app/Contents/bin/cmake -E cmake_link_script CMakeFiles/cmTC_efdd9.dir/link.txt --verbose=1
/usr/bin/clang  -isysroot /Library/Developer/CommandLineTools/SDKs/MacOSX11.1.sdk -mmacosx-version-min=10.15 -Wl,-search_paths_first -Wl,-headerpad_max_install_names CMakeFiles/cmTC_efdd9.dir/src.c.o -o cmTC_efdd9 


Source file was:
int main(void) { return 0; }
Performing C SOURCE FILE Test HAVE_GCC_DEFAULT_VISIBILITY succeeded with the following output:
Change Dir: /Users/archiejames/Desktop/cross_platform_test/build/CMakeFiles/CMakeTmp

Run Build Command(s):/usr/bin/make cmTC_10e7e/fast && /Library/Developer/CommandLineTools/usr/bin/make  -f CMakeFiles/cmTC_10e7e.dir/build.make CMakeFiles/cmTC_10e7e.dir/build
Building C object CMakeFiles/cmTC_10e7e.dir/src.c.o
/usr/bin/clang -DHAVE_GCC_DEFAULT_VISIBILITY  -Wattributes -Werror -isysroot /Library/Developer/CommandLineTools/SDKs/MacOSX11.1.sdk -mmacosx-version-min=10.15 -o CMakeFiles/cmTC_10e7e.dir/src.c.o -c /Users/archiejames/Desktop/cross_platform_test/build/CMakeFiles/CMakeTmp/src.c
Linking C executable cmTC_10e7e
/Applications/CMake.app/Contents/bin/cmake -E cmake_link_script CMakeFiles/cmTC_10e7e.dir/link.txt --verbose=1
/usr/bin/clang   -Wattributes -Werror -isysroot /Library/Developer/CommandLineTools/SDKs/MacOSX11.1.sdk -mmacosx-version-min=10.15 -Wl,-search_paths_first -Wl,-headerpad_max_install_names CMakeFiles/cmTC_10e7e.dir/src.c.o -o cmTC_10e7e 


Source file was:
int foo() __attribute__((visibility("default")));
                                 int main() {return 0;}
Performing C SOURCE FILE Test HAVE_VISIBILITY_HIDDEN_SWITCH succeeded with the following output:
Change Dir: /Users/archiejames/Desktop/cross_platform_test/build/CMakeFiles/CMakeTmp

Run Build Command(s):/usr/bin/make cmTC_5fed1/fast && /Library/Developer/CommandLineTools/usr/bin/make  -f CMakeFiles/cmTC_5fed1.dir/build.make CMakeFiles/cmTC_5fed1.dir/build
Building C object CMakeFiles/cmTC_5fed1.dir/src.c.o
/usr/bin/clang -DHAVE_VISIBILITY_HIDDEN_SWITCH  -Wattributes -Werror -isysroot /Library/Developer/CommandLineTools/SDKs/MacOSX11.1.sdk -mmacosx-version-min=10.15   -fvisibility=hidden -o CMakeFiles/cmTC_5fed1.dir/src.c.o -c /Users/archiejames/Desktop/cross_platform_test/build/CMakeFiles/CMakeTmp/src.c
Linking C executable cmTC_5fed1
/Applications/CMake.app/Contents/bin/cmake -E cmake_link_script CMakeFiles/cmTC_5fed1.dir/link.txt --verbose=1
/usr/bin/clang   -Wattributes -Werror -isysroot /Library/Developer/CommandLineTools/SDKs/MacOSX11.1.sdk -mmacosx-version-min=10.15 -Wl,-search_paths_first -Wl,-headerpad_max_install_names CMakeFiles/cmTC_5fed1.dir/src.c.o -o cmTC_5fed1 


Source file was:
int main(void) { return 0; }
Performing C SOURCE FILE Test HAVE_MSSE2_SWITCH succeeded with the following output:
Change Dir: /Users/archiejames/Desktop/cross_platform_test/build/CMakeFiles/CMakeTmp

Run Build Command(s):/usr/bin/make cmTC_3e745/fast && /Library/Developer/CommandLineTools/usr/bin/make  -f CMakeFiles/cmTC_3e745.dir/build.make CMakeFiles/cmTC_3e745.dir/build
Building C object CMakeFiles/cmTC_3e745.dir/src.c.o
/usr/bin/clang -DHAVE_MSSE2_SWITCH  -Werror -isysroot /Library/Developer/CommandLineTools/SDKs/MacOSX11.1.sdk -mmacosx-version-min=10.15   -msse2 -o CMakeFiles/cmTC_3e745.dir/src.c.o -c /Users/archiejames/Desktop/cross_platform_test/build/CMakeFiles/CMakeTmp/src.c
Linking C executable cmTC_3e745
/Applications/CMake.app/Contents/bin/cmake -E cmake_link_script CMakeFiles/cmTC_3e745.dir/link.txt --verbose=1
/usr/bin/clang   -Werror -isysroot /Library/Developer/CommandLineTools/SDKs/MacOSX11.1.sdk -mmacosx-version-min=10.15 -Wl,-search_paths_first -Wl,-headerpad_max_install_names CMakeFiles/cmTC_3e745.dir/src.c.o -o cmTC_3e745 


Source file was:
int main(void) { return 0; }
Determining if the include file xmmintrin.h exists passed with the following output:
Change Dir: /Users/archiejames/Desktop/cross_platform_test/build/CMakeFiles/CMakeTmp

Run Build Command(s):/usr/bin/make cmTC_c783b/fast && /Library/Developer/CommandLineTools/usr/bin/make  -f CMakeFiles/cmTC_c783b.dir/build.make CMakeFiles/cmTC_c783b.dir/build
Building C object CMakeFiles/cmTC_c783b.dir/CheckIncludeFile.c.o
/usr/bin/clang   -isysroot /Library/Developer/CommandLineTools/SDKs/MacOSX11.1.sdk -mmacosx-version-min=10.15 -o CMakeFiles/cmTC_c783b.dir/CheckIncludeFile.c.o -c /Users/archiejames/Desktop/cross_platform_test/build/CMakeFiles/CMakeTmp/CheckIncludeFile.c
Linking C executable cmTC_c783b
/Applications/CMake.app/Contents/bin/cmake -E cmake_link_script CMakeFiles/cmTC_c783b.dir/link.txt --verbose=1
/usr/bin/clang  -isysroot /Library/Developer/CommandLineTools/SDKs/MacOSX11.1.sdk -mmacosx-version-min=10.15 -Wl,-search_paths_first -Wl,-headerpad_max_install_names CMakeFiles/cmTC_c783b.dir/CheckIncludeFile.c.o -o cmTC_c783b 



Determining if the include file emmintrin.h exists passed with the following output:
Change Dir: /Users/archiejames/Desktop/cross_platform_test/build/CMakeFiles/CMakeTmp

Run Build Command(s):/usr/bin/make cmTC_83270/fast && /Library/Developer/CommandLineTools/usr/bin/make  -f CMakeFiles/cmTC_83270.dir/build.make CMakeFiles/cmTC_83270.dir/build
Building C object CMakeFiles/cmTC_83270.dir/CheckIncludeFile.c.o
/usr/bin/clang   -isysroot /Library/Developer/CommandLineTools/SDKs/MacOSX11.1.sdk -mmacosx-version-min=10.15 -o CMakeFiles/cmTC_83270.dir/CheckIncludeFile.c.o -c /Users/archiejames/Desktop/cross_platform_test/build/CMakeFiles/CMakeTmp/CheckIncludeFile.c
Linking C executable cmTC_83270
/Applications/CMake.app/Contents/bin/cmake -E cmake_link_script CMakeFiles/cmTC_83270.dir/link.txt --verbose=1
/usr/bin/clang  -isysroot /Library/Developer/CommandLineTools/SDKs/MacOSX11.1.sdk -mmacosx-version-min=10.15 -Wl,-search_paths_first -Wl,-headerpad_max_install_names CMakeFiles/cmTC_83270.dir/CheckIncludeFile.c.o -o cmTC_83270 



Determining if the include file pmmintrin.h exists passed with the following output:
Change Dir: /Users/archiejames/Desktop/cross_platform_test/build/CMakeFiles/CMakeTmp

Run Build Command(s):/usr/bin/make cmTC_1fad6/fast && /Library/Developer/CommandLineTools/usr/bin/make  -f CMakeFiles/cmTC_1fad6.dir/build.make CMakeFiles/cmTC_1fad6.dir/build
Building C object CMakeFiles/cmTC_1fad6.dir/CheckIncludeFile.c.o
/usr/bin/clang   -isysroot /Library/Developer/CommandLineTools/SDKs/MacOSX11.1.sdk -mmacosx-version-min=10.15 -o CMakeFiles/cmTC_1fad6.dir/CheckIncludeFile.c.o -c /Users/archiejames/Desktop/cross_platform_test/build/CMakeFiles/CMakeTmp/CheckIncludeFile.c
Linking C executable cmTC_1fad6
/Applications/CMake.app/Contents/bin/cmake -E cmake_link_script CMakeFiles/cmTC_1fad6.dir/link.txt --verbose=1
/usr/bin/clang  -isysroot /Library/Developer/CommandLineTools/SDKs/MacOSX11.1.sdk -mmacosx-version-min=10.15 -Wl,-search_paths_first -Wl,-headerpad_max_install_names CMakeFiles/cmTC_1fad6.dir/CheckIncludeFile.c.o -o cmTC_1fad6 



Determining if the include file smmintrin.h exists passed with the following output:
Change Dir: /Users/archiejames/Desktop/cross_platform_test/build/CMakeFiles/CMakeTmp

Run Build Command(s):/usr/bin/make cmTC_0b93f/fast && /Library/Developer/CommandLineTools/usr/bin/make  -f CMakeFiles/cmTC_0b93f.dir/build.make CMakeFiles/cmTC_0b93f.dir/build
Building C object CMakeFiles/cmTC_0b93f.dir/CheckIncludeFile.c.o
/usr/bin/clang   -isysroot /Library/Developer/CommandLineTools/SDKs/MacOSX11.1.sdk -mmacosx-version-min=10.15 -o CMakeFiles/cmTC_0b93f.dir/CheckIncludeFile.c.o -c /Users/archiejames/Desktop/cross_platform_test/build/CMakeFiles/CMakeTmp/CheckIncludeFile.c
Linking C executable cmTC_0b93f
/Applications/CMake.app/Contents/bin/cmake -E cmake_link_script CMakeFiles/cmTC_0b93f.dir/link.txt --verbose=1
/usr/bin/clang  -isysroot /Library/Developer/CommandLineTools/SDKs/MacOSX11.1.sdk -mmacosx-version-min=10.15 -Wl,-search_paths_first -Wl,-headerpad_max_install_names CMakeFiles/cmTC_0b93f.dir/CheckIncludeFile.c.o -o cmTC_0b93f 



Performing C SOURCE FILE Test HAVE_SSE_INTRINSICS succeeded with the following output:
Change Dir: /Users/archiejames/Desktop/cross_platform_test/build/CMakeFiles/CMakeTmp

Run Build Command(s):/usr/bin/make cmTC_4840b/fast && /Library/Developer/CommandLineTools/usr/bin/make  -f CMakeFiles/cmTC_4840b.dir/build.make CMakeFiles/cmTC_4840b.dir/build
Building C object CMakeFiles/cmTC_4840b.dir/src.c.o
/usr/bin/clang -DHAVE_SSE_INTRINSICS  -isysroot /Library/Developer/CommandLineTools/SDKs/MacOSX11.1.sdk -mmacosx-version-min=10.15 -o CMakeFiles/cmTC_4840b.dir/src.c.o -c /Users/archiejames/Desktop/cross_platform_test/build/CMakeFiles/CMakeTmp/src.c
Linking C executable cmTC_4840b
/Applications/CMake.app/Contents/bin/cmake -E cmake_link_script CMakeFiles/cmTC_4840b.dir/link.txt --verbose=1
/usr/bin/clang  -isysroot /Library/Developer/CommandLineTools/SDKs/MacOSX11.1.sdk -mmacosx-version-min=10.15 -Wl,-search_paths_first -Wl,-headerpad_max_install_names CMakeFiles/cmTC_4840b.dir/src.c.o -o cmTC_4840b 


Source file was:
#include <emmintrin.h>
        int main() {_mm_pause(); return 0;}
Determining if the include file cpuid.h exists passed with the following output:
Change Dir: /Users/archiejames/Desktop/cross_platform_test/build/CMakeFiles/CMakeTmp

Run Build Command(s):/usr/bin/make cmTC_43585/fast && /Library/Developer/CommandLineTools/usr/bin/make  -f CMakeFiles/cmTC_43585.dir/build.make CMakeFiles/cmTC_43585.dir/build
Building C object CMakeFiles/cmTC_43585.dir/CheckIncludeFile.c.o
/usr/bin/clang   -isysroot /Library/Developer/CommandLineTools/SDKs/MacOSX11.1.sdk -mmacosx-version-min=10.15 -o CMakeFiles/cmTC_43585.dir/CheckIncludeFile.c.o -c /Users/archiejames/Desktop/cross_platform_test/build/CMakeFiles/CMakeTmp/CheckIncludeFile.c
Linking C executable cmTC_43585
/Applications/CMake.app/Contents/bin/cmake -E cmake_link_script CMakeFiles/cmTC_43585.dir/link.txt --verbose=1
/usr/bin/clang  -isysroot /Library/Developer/CommandLineTools/SDKs/MacOSX11.1.sdk -mmacosx-version-min=10.15 -Wl,-search_paths_first -Wl,-headerpad_max_install_names CMakeFiles/cmTC_43585.dir/CheckIncludeFile.c.o -o cmTC_43585 



Determining if the function pow exists in the m passed with the following output:
Change Dir: /Users/archiejames/Desktop/cross_platform_test/build/CMakeFiles/CMakeTmp

Run Build Command(s):/usr/bin/make cmTC_c66f0/fast && /Library/Developer/CommandLineTools/usr/bin/make  -f CMakeFiles/cmTC_c66f0.dir/build.make CMakeFiles/cmTC_c66f0.dir/build
Building C object CMakeFiles/cmTC_c66f0.dir/CheckFunctionExists.c.o
/usr/bin/clang   -DCHECK_FUNCTION_EXISTS=pow -isysroot /Library/Developer/CommandLineTools/SDKs/MacOSX11.1.sdk -mmacosx-version-min=10.15 -o CMakeFiles/cmTC_c66f0.dir/CheckFunctionExists.c.o -c /Applications/CMake.app/Contents/share/cmake-3.19/Modules/CheckFunctionExists.c
/Applications/CMake.app/Contents/share/cmake-3.19/Modules/CheckFunctionExists.c:7:3: warning: incompatible redeclaration of library function 'pow' [-Wincompatible-library-redeclaration]
  CHECK_FUNCTION_EXISTS(void);
  ^
<command line>:1:31: note: expanded from here
#define CHECK_FUNCTION_EXISTS pow
                              ^
/Applications/CMake.app/Contents/share/cmake-3.19/Modules/CheckFunctionExists.c:7:3: note: 'pow' is a builtin with type 'double (double, double)'
<command line>:1:31: note: expanded from here
#define CHECK_FUNCTION_EXISTS pow
                              ^
1 warning generated.
Linking C executable cmTC_c66f0
/Applications/CMake.app/Contents/bin/cmake -E cmake_link_script CMakeFiles/cmTC_c66f0.dir/link.txt --verbose=1
/usr/bin/clang  -DCHECK_FUNCTION_EXISTS=pow -isysroot /Library/Developer/CommandLineTools/SDKs/MacOSX11.1.sdk -mmacosx-version-min=10.15 -Wl,-search_paths_first -Wl,-headerpad_max_install_names CMakeFiles/cmTC_c66f0.dir/CheckFunctionExists.c.o -o cmTC_c66f0  -lm 



Determining if the include file dlfcn.h exists passed with the following output:
Change Dir: /Users/archiejames/Desktop/cross_platform_test/build/CMakeFiles/CMakeTmp

Run Build Command(s):/usr/bin/make cmTC_8a55a/fast && /Library/Developer/CommandLineTools/usr/bin/make  -f CMakeFiles/cmTC_8a55a.dir/build.make CMakeFiles/cmTC_8a55a.dir/build
Building C object CMakeFiles/cmTC_8a55a.dir/CheckIncludeFile.c.o
/usr/bin/clang   -isysroot /Library/Developer/CommandLineTools/SDKs/MacOSX11.1.sdk -mmacosx-version-min=10.15 -o CMakeFiles/cmTC_8a55a.dir/CheckIncludeFile.c.o -c /Users/archiejames/Desktop/cross_platform_test/build/CMakeFiles/CMakeTmp/CheckIncludeFile.c
Linking C executable cmTC_8a55a
/Applications/CMake.app/Contents/bin/cmake -E cmake_link_script CMakeFiles/cmTC_8a55a.dir/link.txt --verbose=1
/usr/bin/clang  -isysroot /Library/Developer/CommandLineTools/SDKs/MacOSX11.1.sdk -mmacosx-version-min=10.15 -Wl,-search_paths_first -Wl,-headerpad_max_install_names CMakeFiles/cmTC_8a55a.dir/CheckIncludeFile.c.o -o cmTC_8a55a  -lm 



Determining if the function dlopen exists in the dl passed with the following output:
Change Dir: /Users/archiejames/Desktop/cross_platform_test/build/CMakeFiles/CMakeTmp

Run Build Command(s):/usr/bin/make cmTC_fdfcd/fast && /Library/Developer/CommandLineTools/usr/bin/make  -f CMakeFiles/cmTC_fdfcd.dir/build.make CMakeFiles/cmTC_fdfcd.dir/build
Building C object CMakeFiles/cmTC_fdfcd.dir/CheckFunctionExists.c.o
/usr/bin/clang   -DCHECK_FUNCTION_EXISTS=dlopen -isysroot /Library/Developer/CommandLineTools/SDKs/MacOSX11.1.sdk -mmacosx-version-min=10.15 -o CMakeFiles/cmTC_fdfcd.dir/CheckFunctionExists.c.o -c /Applications/CMake.app/Contents/share/cmake-3.19/Modules/CheckFunctionExists.c
Linking C executable cmTC_fdfcd
/Applications/CMake.app/Contents/bin/cmake -E cmake_link_script CMakeFiles/cmTC_fdfcd.dir/link.txt --verbose=1
/usr/bin/clang  -DCHECK_FUNCTION_EXISTS=dlopen -isysroot /Library/Developer/CommandLineTools/SDKs/MacOSX11.1.sdk -mmacosx-version-min=10.15 -Wl,-search_paths_first -Wl,-headerpad_max_install_names CMakeFiles/cmTC_fdfcd.dir/CheckFunctionExists.c.o -o cmTC_fdfcd  -ldl -lm 



Performing C SOURCE FILE Test HAVE_GCC_GET_CPUID succeeded with the following output:
Change Dir: /Users/archiejames/Desktop/cross_platform_test/build/CMakeFiles/CMakeTmp

Run Build Command(s):/usr/bin/make cmTC_c3f8d/fast && /Library/Developer/CommandLineTools/usr/bin/make  -f CMakeFiles/cmTC_c3f8d.dir/build.make CMakeFiles/cmTC_c3f8d.dir/build
Building C object CMakeFiles/cmTC_c3f8d.dir/src.c.o
/usr/bin/clang -DHAVE_GCC_GET_CPUID  -isysroot /Library/Developer/CommandLineTools/SDKs/MacOSX11.1.sdk -mmacosx-version-min=10.15 -o CMakeFiles/cmTC_c3f8d.dir/src.c.o -c /Users/archiejames/Desktop/cross_platform_test/build/CMakeFiles/CMakeTmp/src.c
Linking C executable cmTC_c3f8d
/Applications/CMake.app/Contents/bin/cmake -E cmake_link_script CMakeFiles/cmTC_c3f8d.dir/link.txt --verbose=1
/usr/bin/clang  -isysroot /Library/Developer/CommandLineTools/SDKs/MacOSX11.1.sdk -mmacosx-version-min=10.15 -Wl,-search_paths_first -Wl,-headerpad_max_install_names CMakeFiles/cmTC_c3f8d.dir/src.c.o -o cmTC_c3f8d  -lm -ldl 


Source file was:
#include <cpuid.h>
        int main()
        {
            unsigned int eax, ebx, ecx, edx;
            return __get_cpuid(0, &eax, &ebx, &ecx, &edx);
        }
Determining if the posix_memalign exist passed with the following output:
Change Dir: /Users/archiejames/Desktop/cross_platform_test/build/CMakeFiles/CMakeTmp

Run Build Command(s):/usr/bin/make cmTC_5002e/fast && /Library/Developer/CommandLineTools/usr/bin/make  -f CMakeFiles/cmTC_5002e.dir/build.make CMakeFiles/cmTC_5002e.dir/build
Building C object CMakeFiles/cmTC_5002e.dir/CheckSymbolExists.c.o
/usr/bin/clang   -isysroot /Library/Developer/CommandLineTools/SDKs/MacOSX11.1.sdk -mmacosx-version-min=10.15 -o CMakeFiles/cmTC_5002e.dir/CheckSymbolExists.c.o -c /Users/archiejames/Desktop/cross_platform_test/build/CMakeFiles/CMakeTmp/CheckSymbolExists.c
Linking C executable cmTC_5002e
/Applications/CMake.app/Contents/bin/cmake -E cmake_link_script CMakeFiles/cmTC_5002e.dir/link.txt --verbose=1
/usr/bin/clang  -isysroot /Library/Developer/CommandLineTools/SDKs/MacOSX11.1.sdk -mmacosx-version-min=10.15 -Wl,-search_paths_first -Wl,-headerpad_max_install_names CMakeFiles/cmTC_5002e.dir/CheckSymbolExists.c.o -o cmTC_5002e  -lm -ldl 


File /Users/archiejames/Desktop/cross_platform_test/build/CMakeFiles/CMakeTmp/CheckSymbolExists.c:
/* */
#include <stdlib.h>

int main(int argc, char** argv)
{
  (void)argv;
#ifndef posix_memalign
  return ((int*)(&posix_memalign))[argc];
#else
  (void)argc;
  return 0;
#endif
}
Determining if the proc_pidpath exist passed with the following output:
Change Dir: /Users/archiejames/Desktop/cross_platform_test/build/CMakeFiles/CMakeTmp

Run Build Command(s):/usr/bin/make cmTC_f5c28/fast && /Library/Developer/CommandLineTools/usr/bin/make  -f CMakeFiles/cmTC_f5c28.dir/build.make CMakeFiles/cmTC_f5c28.dir/build
Building C object CMakeFiles/cmTC_f5c28.dir/CheckSymbolExists.c.o
/usr/bin/clang   -isysroot /Library/Developer/CommandLineTools/SDKs/MacOSX11.1.sdk -mmacosx-version-min=10.15 -o CMakeFiles/cmTC_f5c28.dir/CheckSymbolExists.c.o -c /Users/archiejames/Desktop/cross_platform_test/build/CMakeFiles/CMakeTmp/CheckSymbolExists.c
Linking C executable cmTC_f5c28
/Applications/CMake.app/Contents/bin/cmake -E cmake_link_script CMakeFiles/cmTC_f5c28.dir/link.txt --verbose=1
/usr/bin/clang  -isysroot /Library/Developer/CommandLineTools/SDKs/MacOSX11.1.sdk -mmacosx-version-min=10.15 -Wl,-search_paths_first -Wl,-headerpad_max_install_names CMakeFiles/cmTC_f5c28.dir/CheckSymbolExists.c.o -o cmTC_f5c28  -lm -ldl 


File /Users/archiejames/Desktop/cross_platform_test/build/CMakeFiles/CMakeTmp/CheckSymbolExists.c:
/* */
#include <libproc.h>

int main(int argc, char** argv)
{
  (void)argv;
#ifndef proc_pidpath
  return ((int*)(&proc_pidpath))[argc];
#else
  (void)argc;
  return 0;
#endif
}
Determining if the include file pthread.h exists passed with the following output:
Change Dir: /Users/archiejames/Desktop/cross_platform_test/build/CMakeFiles/CMakeTmp

Run Build Command(s):/usr/bin/make cmTC_7dba6/fast && /Library/Developer/CommandLineTools/usr/bin/make  -f CMakeFiles/cmTC_7dba6.dir/build.make CMakeFiles/cmTC_7dba6.dir/build
Building C object CMakeFiles/cmTC_7dba6.dir/CheckIncludeFile.c.o
/usr/bin/clang   -isysroot /Library/Developer/CommandLineTools/SDKs/MacOSX11.1.sdk -mmacosx-version-min=10.15 -o CMakeFiles/cmTC_7dba6.dir/CheckIncludeFile.c.o -c /Users/archiejames/Desktop/cross_platform_test/build/CMakeFiles/CMakeTmp/CheckIncludeFile.c
Linking C executable cmTC_7dba6
/Applications/CMake.app/Contents/bin/cmake -E cmake_link_script CMakeFiles/cmTC_7dba6.dir/link.txt --verbose=1
/usr/bin/clang  -isysroot /Library/Developer/CommandLineTools/SDKs/MacOSX11.1.sdk -mmacosx-version-min=10.15 -Wl,-search_paths_first -Wl,-headerpad_max_install_names CMakeFiles/cmTC_7dba6.dir/CheckIncludeFile.c.o -o cmTC_7dba6  -lm -ldl 



Performing C SOURCE FILE Test HAVE_PTHREAD succeeded with the following output:
Change Dir: /Users/archiejames/Desktop/cross_platform_test/build/CMakeFiles/CMakeTmp

Run Build Command(s):/usr/bin/make cmTC_6daa7/fast && /Library/Developer/CommandLineTools/usr/bin/make  -f CMakeFiles/cmTC_6daa7.dir/build.make CMakeFiles/cmTC_6daa7.dir/build
Building C object CMakeFiles/cmTC_6daa7.dir/src.c.o
/usr/bin/clang -DHAVE_PTHREAD  -isysroot /Library/Developer/CommandLineTools/SDKs/MacOSX11.1.sdk -mmacosx-version-min=10.15   -pthread -o CMakeFiles/cmTC_6daa7.dir/src.c.o -c /Users/archiejames/Desktop/cross_platform_test/build/CMakeFiles/CMakeTmp/src.c
Linking C executable cmTC_6daa7
/Applications/CMake.app/Contents/bin/cmake -E cmake_link_script CMakeFiles/cmTC_6daa7.dir/link.txt --verbose=1
/usr/bin/clang  -isysroot /Library/Developer/CommandLineTools/SDKs/MacOSX11.1.sdk -mmacosx-version-min=10.15 -Wl,-search_paths_first -Wl,-headerpad_max_install_names CMakeFiles/cmTC_6daa7.dir/src.c.o -o cmTC_6daa7  -lm -ldl 


Source file was:
int main(void) { return 0; }
Determining if the pthread_setschedparam exist passed with the following output:
Change Dir: /Users/archiejames/Desktop/cross_platform_test/build/CMakeFiles/CMakeTmp

Run Build Command(s):/usr/bin/make cmTC_eda82/fast && /Library/Developer/CommandLineTools/usr/bin/make  -f CMakeFiles/cmTC_eda82.dir/build.make CMakeFiles/cmTC_eda82.dir/build
Building C object CMakeFiles/cmTC_eda82.dir/CheckSymbolExists.c.o
/usr/bin/clang   -pthread -isysroot /Library/Developer/CommandLineTools/SDKs/MacOSX11.1.sdk -mmacosx-version-min=10.15 -o CMakeFiles/cmTC_eda82.dir/CheckSymbolExists.c.o -c /Users/archiejames/Desktop/cross_platform_test/build/CMakeFiles/CMakeTmp/CheckSymbolExists.c
Linking C executable cmTC_eda82
/Applications/CMake.app/Contents/bin/cmake -E cmake_link_script CMakeFiles/cmTC_eda82.dir/link.txt --verbose=1
/usr/bin/clang   -pthread -isysroot /Library/Developer/CommandLineTools/SDKs/MacOSX11.1.sdk -mmacosx-version-min=10.15 -Wl,-search_paths_first -Wl,-headerpad_max_install_names CMakeFiles/cmTC_eda82.dir/CheckSymbolExists.c.o -o cmTC_eda82  -lm -ldl 


File /Users/archiejames/Desktop/cross_platform_test/build/CMakeFiles/CMakeTmp/CheckSymbolExists.c:
/* */
#include <pthread.h>

int main(int argc, char** argv)
{
  (void)argv;
#ifndef pthread_setschedparam
  return ((int*)(&pthread_setschedparam))[argc];
#else
  (void)argc;
  return 0;
#endif
}
Determining if the pthread_setname_np exist passed with the following output:
Change Dir: /Users/archiejames/Desktop/cross_platform_test/build/CMakeFiles/CMakeTmp

Run Build Command(s):/usr/bin/make cmTC_21d97/fast && /Library/Developer/CommandLineTools/usr/bin/make  -f CMakeFiles/cmTC_21d97.dir/build.make CMakeFiles/cmTC_21d97.dir/build
Building C object CMakeFiles/cmTC_21d97.dir/CheckSymbolExists.c.o
/usr/bin/clang   -pthread -isysroot /Library/Developer/CommandLineTools/SDKs/MacOSX11.1.sdk -mmacosx-version-min=10.15 -o CMakeFiles/cmTC_21d97.dir/CheckSymbolExists.c.o -c /Users/archiejames/Desktop/cross_platform_test/build/CMakeFiles/CMakeTmp/CheckSymbolExists.c
Linking C executable cmTC_21d97
/Applications/CMake.app/Contents/bin/cmake -E cmake_link_script CMakeFiles/cmTC_21d97.dir/link.txt --verbose=1
/usr/bin/clang   -pthread -isysroot /Library/Developer/CommandLineTools/SDKs/MacOSX11.1.sdk -mmacosx-version-min=10.15 -Wl,-search_paths_first -Wl,-headerpad_max_install_names CMakeFiles/cmTC_21d97.dir/CheckSymbolExists.c.o -o cmTC_21d97  -lm -ldl 


File /Users/archiejames/Desktop/cross_platform_test/build/CMakeFiles/CMakeTmp/CheckSymbolExists.c:
/* */
#include <pthread.h>

int main(int argc, char** argv)
{
  (void)argv;
#ifndef pthread_setname_np
  return ((int*)(&pthread_setname_np))[argc];
#else
  (void)argc;
  return 0;
#endif
}
Performing C SOURCE FILE Test PTHREAD_SETNAME_NP_ONE_PARAM succeeded with the following output:
Change Dir: /Users/archiejames/Desktop/cross_platform_test/build/CMakeFiles/CMakeTmp

Run Build Command(s):/usr/bin/make cmTC_b46f8/fast && /Library/Developer/CommandLineTools/usr/bin/make  -f CMakeFiles/cmTC_b46f8.dir/build.make CMakeFiles/cmTC_b46f8.dir/build
Building C object CMakeFiles/cmTC_b46f8.dir/src.c.o
/usr/bin/clang -DPTHREAD_SETNAME_NP_ONE_PARAM  -pthread -isysroot /Library/Developer/CommandLineTools/SDKs/MacOSX11.1.sdk -mmacosx-version-min=10.15 -o CMakeFiles/cmTC_b46f8.dir/src.c.o -c /Users/archiejames/Desktop/cross_platform_test/build/CMakeFiles/CMakeTmp/src.c
Linking C executable cmTC_b46f8
/Applications/CMake.app/Contents/bin/cmake -E cmake_link_script CMakeFiles/cmTC_b46f8.dir/link.txt --verbose=1
/usr/bin/clang   -pthread -isysroot /Library/Developer/CommandLineTools/SDKs/MacOSX11.1.sdk -mmacosx-version-min=10.15 -Wl,-search_paths_first -Wl,-headerpad_max_install_names CMakeFiles/cmTC_b46f8.dir/src.c.o -o cmTC_b46f8  -lm -ldl 


Source file was:

#include <pthread.h>
int main()
{
    pthread_setname_np("testname");
    return 0;
}
Determining if the getopt exist passed with the following output:
Change Dir: /Users/archiejames/Desktop/cross_platform_test/build/CMakeFiles/CMakeTmp

Run Build Command(s):/usr/bin/make cmTC_4b17a/fast && /Library/Developer/CommandLineTools/usr/bin/make  -f CMakeFiles/cmTC_4b17a.dir/build.make CMakeFiles/cmTC_4b17a.dir/build
Building C object CMakeFiles/cmTC_4b17a.dir/CheckSymbolExists.c.o
/usr/bin/clang   -pthread -isysroot /Library/Developer/CommandLineTools/SDKs/MacOSX11.1.sdk -mmacosx-version-min=10.15 -o CMakeFiles/cmTC_4b17a.dir/CheckSymbolExists.c.o -c /Users/archiejames/Desktop/cross_platform_test/build/CMakeFiles/CMakeTmp/CheckSymbolExists.c
Linking C executable cmTC_4b17a
/Applications/CMake.app/Contents/bin/cmake -E cmake_link_script CMakeFiles/cmTC_4b17a.dir/link.txt --verbose=1
/usr/bin/clang   -pthread -isysroot /Library/Developer/CommandLineTools/SDKs/MacOSX11.1.sdk -mmacosx-version-min=10.15 -Wl,-search_paths_first -Wl,-headerpad_max_install_names CMakeFiles/cmTC_4b17a.dir/CheckSymbolExists.c.o -o cmTC_4b17a  -lm -ldl 


File /Users/archiejames/Desktop/cross_platform_test/build/CMakeFiles/CMakeTmp/CheckSymbolExists.c:
/* */
#include <unistd.h>

int main(int argc, char** argv)
{
  (void)argv;
#ifndef getopt
  return ((int*)(&getopt))[argc];
#else
  (void)argc;
  return 0;
#endif
}
